2020-03-11 12:29:06 INFO aws_s3_image_upload.py 58 upload_to_aws_s3 [31mFile uploaded successfully to s3[0m
2020-03-11 15:05:34 INFO aws_s3_image_upload.py 58 upload_to_aws_s3 File uploaded successfully to s3
2020-03-11 15:05:34 INFO aws_s3_image_upload.py 74 insert_into_db Inserting into table
2020-03-11 15:05:34 INFO aws_s3_image_upload.py 89 main updated Successfully
2020-03-11 18:22:06 INFO aws_s3_image_upload.py 57 upload_to_aws_s3 File uploaded successfully to s3
2020-03-11 18:22:06 INFO aws_s3_image_upload.py 73 insert_into_db Inserting into table
2020-03-11 18:22:06 INFO aws_s3_image_upload.py 95 s3_upload updated Successfully
2020-03-11 18:24:07 INFO aws_s3_image_upload.py 58 upload_to_aws_s3 File uploaded successfully to s3
2020-03-11 18:24:08 ERROR aws_s3_image_upload.py 76 insert_into_db (1062, "Duplicate entry 'https://vmoksha-ali.s3.amazonaws.com/background.png' for key 's3_url_UNIQUE'")
2020-03-11 18:24:08 INFO aws_s3_image_upload.py 96 s3_upload updated Successfully
2020-03-11 18:25:56 INFO aws_s3_image_upload.py 59 upload_to_aws_s3 File uploaded successfully to s3
2020-03-11 18:25:56 ERROR aws_s3_image_upload.py 77 insert_into_db (1062, "Duplicate entry 'https://vmoksha-ali.s3.amazonaws.com/background.png' for key 's3_url_UNIQUE'")
2020-03-11 18:25:56 INFO aws_s3_image_upload.py 97 s3_upload updated Successfully
2020-03-11 18:43:58 ERROR aws_s3_image_upload.py 108 s3_upload Error while uploading 
2020-03-11 18:44:47 INFO aws_s3_image_upload.py 60 upload_to_aws_s3 File uploaded successfully to s3
2020-03-11 18:44:47 INFO aws_s3_image_upload.py 77 insert_into_db Inserting into table
2020-03-11 18:44:47 INFO aws_s3_image_upload.py 105 s3_upload updated Successfully
2020-03-11 18:45:28 INFO aws_s3_image_upload.py 60 upload_to_aws_s3 File uploaded successfully to s3
2020-03-11 18:45:28 ERROR aws_s3_image_upload.py 79 insert_into_db (1062, "Duplicate entry 'https://vmoksha-ali.s3.amazonaws.com/background.png' for key 's3_url_UNIQUE'")
2020-03-11 18:45:28 INFO aws_s3_image_upload.py 105 s3_upload updated Successfully
